2025-03-24 12:39:58,638 - INFO - Successfully fetched the page: https://movie.douban.com/coming
2025-03-24 12:39:58,653 - INFO - Found the table with 39 rows.
2025-03-25 04:27:54,109 - INFO - Successfully fetched the page: https://movie.douban.com/coming
2025-03-25 04:27:54,123 - INFO - Found the table with 38 rows.
2025-03-25 05:47:03,847 - INFO - Successfully fetched the page: https://movie.douban.com/coming
2025-03-25 05:47:03,861 - INFO - Found the table with 38 rows.
2025-03-26 04:26:51,961 - INFO - Successfully fetched the page: https://movie.douban.com/coming
2025-03-26 04:26:51,975 - INFO - Found the table with 38 rows.
2025-03-27 06:23:17,470 - INFO - Successfully fetched page on attempt 1
2025-03-27 06:23:17,485 - INFO - Found the table on attempt 1
2025-03-28 04:27:49,151 - INFO - Successfully fetched page on attempt 1
2025-03-28 04:27:49,166 - INFO - Found the table on attempt 1
2025-03-29 04:27:19,585 - INFO - Successfully fetched page on attempt 1
2025-03-29 04:27:19,600 - INFO - Found the table on attempt 1
2025-03-30 14:22:16,129 - INFO - Successfully fetched page on attempt 1
2025-03-30 14:22:16,144 - INFO - Found the table on attempt 1
2025-03-31 04:27:37,815 - INFO - Successfully fetched page on attempt 1
2025-03-31 04:27:37,830 - INFO - Found the table on attempt 1
2025-04-01 04:28:55,748 - INFO - Successfully fetched page on attempt 1
2025-04-01 04:28:55,762 - INFO - Found the table on attempt 1
2025-04-02 04:27:12,394 - INFO - Successfully fetched page on attempt 1
2025-04-02 04:27:12,408 - INFO - Found the table on attempt 1
2025-04-03 04:45:01,838 - INFO - Successfully fetched page on attempt 1
2025-04-03 04:45:01,852 - INFO - Found the table on attempt 1
2025-04-04 04:50:32,871 - INFO - Successfully fetched page on attempt 1
2025-04-04 04:50:32,885 - INFO - Found the table on attempt 1
2025-04-05 04:26:36,351 - INFO - Successfully fetched page on attempt 1
2025-04-05 04:26:36,365 - INFO - Found the table on attempt 1
2025-04-06 04:28:13,841 - INFO - Successfully fetched page on attempt 1
2025-04-06 04:28:13,855 - INFO - Found the table on attempt 1
2025-04-07 04:27:36,107 - INFO - Successfully fetched page on attempt 1
2025-04-07 04:27:36,121 - INFO - Found the table on attempt 1
2025-04-08 04:27:35,446 - INFO - Successfully fetched page on attempt 1
2025-04-08 04:27:35,460 - INFO - Found the table on attempt 1
2025-04-09 14:46:49,979 - INFO - Successfully fetched page on attempt 1
2025-04-09 14:46:49,994 - INFO - Found the table on attempt 1
2025-04-10 04:27:48,898 - INFO - Successfully fetched page on attempt 1
2025-04-10 04:27:48,912 - INFO - Found the table on attempt 1
2025-04-11 04:28:21,816 - INFO - Successfully fetched page on attempt 1
2025-04-11 04:28:21,830 - INFO - Found the table on attempt 1
2025-04-12 04:26:44,732 - INFO - Successfully fetched page on attempt 1
2025-04-12 04:26:44,745 - INFO - Found the table on attempt 1
2025-04-13 04:50:48,671 - INFO - Successfully fetched page on attempt 1
2025-04-13 04:50:48,684 - INFO - Found the table on attempt 1
2025-04-14 04:27:37,935 - INFO - Successfully fetched page on attempt 1
2025-04-14 04:27:37,949 - INFO - Found the table on attempt 1
2025-04-15 04:27:42,308 - INFO - Successfully fetched page on attempt 1
2025-04-15 04:27:42,323 - INFO - Found the table on attempt 1
2025-04-16 06:38:23,003 - INFO - Successfully fetched page on attempt 1
2025-04-16 06:38:23,017 - INFO - Found the table on attempt 1
2025-04-17 04:27:49,961 - INFO - Successfully fetched page on attempt 1
2025-04-17 04:27:49,976 - INFO - Found the table on attempt 1
2025-04-18 04:27:14,717 - INFO - Successfully fetched page on attempt 1
2025-04-18 04:27:14,731 - INFO - Found the table on attempt 1
2025-04-19 11:54:57,545 - INFO - Successfully fetched page on attempt 1
2025-04-19 11:54:57,558 - INFO - Found the table on attempt 1
2025-04-20 04:26:07,877 - INFO - Successfully fetched page on attempt 1
2025-04-20 04:26:07,890 - INFO - Found the table on attempt 1
2025-04-21 04:28:42,116 - INFO - Successfully fetched page on attempt 1
2025-04-21 04:28:42,130 - INFO - Found the table on attempt 1
2025-04-22 04:27:37,177 - INFO - Successfully fetched page on attempt 1
2025-04-22 04:27:37,191 - INFO - Found the table on attempt 1
2025-04-23 04:28:19,254 - INFO - Successfully fetched page on attempt 1
2025-04-23 04:28:19,268 - INFO - Found the table on attempt 1
2025-04-24 06:06:31,809 - INFO - Successfully fetched page on attempt 1
2025-04-24 06:06:31,824 - INFO - Found the table on attempt 1
2025-04-25 04:27:45,122 - INFO - Successfully fetched page on attempt 1
2025-04-25 04:27:45,136 - INFO - Found the table on attempt 1
2025-04-26 04:27:03,105 - INFO - Successfully fetched page on attempt 1
2025-04-26 04:27:03,119 - INFO - Found the table on attempt 1
2025-04-27 05:53:30,223 - INFO - Successfully fetched page on attempt 1
2025-04-27 05:53:30,238 - INFO - Found the table on attempt 1
2025-04-28 04:29:00,730 - INFO - Successfully fetched page on attempt 1
2025-04-28 04:29:00,745 - INFO - Found the table on attempt 1
2025-04-29 04:27:04,232 - INFO - Successfully fetched page on attempt 1
2025-04-29 04:27:04,247 - INFO - Found the table on attempt 1
2025-04-30 04:27:45,929 - INFO - Successfully fetched page on attempt 1
2025-04-30 04:27:45,944 - INFO - Found the table on attempt 1
2025-05-01 04:29:28,224 - INFO - Successfully fetched page on attempt 1
2025-05-01 04:29:28,237 - INFO - Found the table on attempt 1
2025-05-02 04:27:24,131 - INFO - Successfully fetched page on attempt 1
2025-05-02 04:27:24,144 - INFO - Found the table on attempt 1
2025-05-03 04:27:15,921 - INFO - Successfully fetched page on attempt 1
2025-05-03 04:27:15,933 - INFO - Found the table on attempt 1
2025-05-04 04:28:06,950 - INFO - Successfully fetched page on attempt 1
2025-05-04 04:28:06,963 - INFO - Found the table on attempt 1
2025-05-05 04:29:06,312 - INFO - Successfully fetched page on attempt 1
2025-05-05 04:29:06,325 - INFO - Found the table on attempt 1
2025-05-06 04:28:33,850 - INFO - Successfully fetched page on attempt 1
2025-05-06 04:28:33,863 - INFO - Found the table on attempt 1
2025-05-07 04:28:35,179 - INFO - Successfully fetched page on attempt 1
2025-05-07 04:28:35,191 - INFO - Found the table on attempt 1
2025-05-08 04:29:27,975 - INFO - Successfully fetched page on attempt 1
2025-05-08 04:29:27,988 - INFO - Found the table on attempt 1
2025-05-09 04:28:56,164 - INFO - Successfully fetched page on attempt 1
2025-05-09 04:28:56,176 - INFO - Found the table on attempt 1
2025-05-10 04:28:04,928 - INFO - Successfully fetched page on attempt 1
2025-05-10 04:28:04,939 - INFO - Found the table on attempt 1
2025-05-11 04:28:38,523 - INFO - Successfully fetched page on attempt 1
2025-05-11 04:28:38,537 - INFO - Found the table on attempt 1
2025-05-12 04:29:13,793 - INFO - Successfully fetched page on attempt 1
2025-05-12 04:29:13,805 - INFO - Found the table on attempt 1
2025-05-13 04:29:20,489 - INFO - Successfully fetched page on attempt 1
2025-05-13 04:29:20,500 - INFO - Found the table on attempt 1
2025-05-14 04:29:09,843 - INFO - Successfully fetched page on attempt 1
2025-05-14 04:29:09,855 - INFO - Found the table on attempt 1
2025-05-15 04:29:02,177 - INFO - Successfully fetched page on attempt 1
2025-05-15 04:29:02,189 - INFO - Found the table on attempt 1
2025-05-16 04:29:34,243 - INFO - Successfully fetched page on attempt 1
2025-05-16 04:29:34,255 - INFO - Found the table on attempt 1
2025-05-17 04:27:24,131 - INFO - Successfully fetched page on attempt 1
2025-05-17 04:27:24,142 - INFO - Found the table on attempt 1
2025-05-18 04:31:19,447 - INFO - Successfully fetched page on attempt 1
2025-05-18 04:31:19,459 - INFO - Found the table on attempt 1
2025-05-19 04:32:21,708 - INFO - Successfully fetched page on attempt 1
2025-05-19 04:32:21,720 - INFO - Found the table on attempt 1
2025-05-20 04:28:54,945 - INFO - Successfully fetched page on attempt 1
2025-05-20 04:28:54,957 - INFO - Found the table on attempt 1
2025-05-21 04:41:56,864 - INFO - Successfully fetched page on attempt 1
2025-05-21 04:41:56,876 - INFO - Found the table on attempt 1
2025-05-22 04:30:16,711 - INFO - Successfully fetched page on attempt 1
2025-05-22 04:30:16,726 - INFO - Found the table on attempt 1
2025-05-23 04:28:57,209 - INFO - Successfully fetched page on attempt 1
2025-05-23 04:28:57,223 - INFO - Found the table on attempt 1
2025-05-24 04:27:06,126 - INFO - Successfully fetched page on attempt 1
2025-05-24 04:27:06,140 - INFO - Found the table on attempt 1
2025-05-25 04:30:33,991 - INFO - Successfully fetched page on attempt 1
2025-05-25 04:30:34,005 - INFO - Found the table on attempt 1
2025-05-26 04:30:48,802 - INFO - Successfully fetched page on attempt 1
2025-05-26 04:30:48,817 - INFO - Found the table on attempt 1
2025-05-27 04:30:48,574 - INFO - Successfully fetched page on attempt 1
2025-05-27 04:30:48,589 - INFO - Found the table on attempt 1
2025-05-28 04:30:11,756 - INFO - Successfully fetched page on attempt 1
2025-05-28 04:30:11,772 - INFO - Found the table on attempt 1
2025-05-29 04:30:50,689 - INFO - Successfully fetched page on attempt 1
2025-05-29 04:30:50,704 - INFO - Found the table on attempt 1
2025-05-30 04:30:29,961 - INFO - Successfully fetched page on attempt 1
2025-05-30 04:30:29,976 - INFO - Found the table on attempt 1
2025-05-31 05:50:31,962 - INFO - Successfully fetched page on attempt 1
2025-05-31 05:50:31,977 - INFO - Found the table on attempt 1
2025-06-01 04:38:19,287 - INFO - Successfully fetched page on attempt 1
2025-06-01 04:38:19,302 - INFO - Found the table on attempt 1
2025-06-02 04:34:38,700 - INFO - Successfully fetched page on attempt 1
2025-06-02 04:34:38,715 - INFO - Found the table on attempt 1
2025-06-03 04:31:18,130 - INFO - Successfully fetched page on attempt 1
2025-06-03 04:31:18,145 - INFO - Found the table on attempt 1
2025-06-04 04:31:51,650 - INFO - Successfully fetched page on attempt 1
2025-06-04 04:31:51,665 - INFO - Found the table on attempt 1
2025-06-06 04:31:39,102 - INFO - Successfully fetched page on attempt 1
2025-06-06 04:31:39,117 - INFO - Found the table on attempt 1
2025-06-07 04:28:58,676 - INFO - Successfully fetched page on attempt 1
2025-06-07 04:28:58,692 - INFO - Found the table on attempt 1
2025-06-08 04:34:30,827 - INFO - Successfully fetched page on attempt 1
2025-06-08 04:34:30,843 - INFO - Found the table on attempt 1
2025-06-09 04:36:14,584 - INFO - Successfully fetched page on attempt 1
2025-06-09 04:36:14,600 - INFO - Found the table on attempt 1
2025-06-10 04:33:11,277 - INFO - Successfully fetched page on attempt 1
2025-06-10 04:33:11,293 - INFO - Found the table on attempt 1
2025-06-11 04:33:20,489 - INFO - Successfully fetched page on attempt 1
2025-06-11 04:33:20,506 - INFO - Found the table on attempt 1
2025-06-12 11:57:21,204 - INFO - Successfully fetched page on attempt 1
2025-06-12 11:57:21,222 - INFO - Found the table on attempt 1
2025-06-13 04:32:21,285 - INFO - Successfully fetched page on attempt 1
2025-06-13 04:32:21,302 - INFO - Found the table on attempt 1
2025-06-14 04:29:10,180 - INFO - Successfully fetched page on attempt 1
2025-06-14 04:29:10,197 - INFO - Found the table on attempt 1
2025-06-15 21:56:58,336 - INFO - Successfully fetched page on attempt 1
2025-06-15 21:56:58,355 - INFO - Found the table on attempt 1
2025-06-16 04:36:06,247 - INFO - Successfully fetched page on attempt 1
2025-06-16 04:36:06,265 - INFO - Found the table on attempt 1
2025-06-17 04:32:54,668 - INFO - Successfully fetched page on attempt 1
2025-06-17 04:32:54,685 - INFO - Found the table on attempt 1
2025-06-18 04:33:25,273 - INFO - Successfully fetched page on attempt 1
2025-06-18 04:33:25,290 - INFO - Found the table on attempt 1
2025-06-19 04:32:44,629 - INFO - Successfully fetched page on attempt 1
2025-06-19 04:32:44,647 - INFO - Found the table on attempt 1
2025-06-20 04:32:15,477 - INFO - Successfully fetched page on attempt 1
2025-06-20 04:32:15,495 - INFO - Found the table on attempt 1
2025-06-21 04:29:31,196 - INFO - Successfully fetched page on attempt 1
2025-06-21 04:29:31,212 - INFO - Found the table on attempt 1
2025-06-22 04:35:13,732 - INFO - Successfully fetched page on attempt 1
2025-06-22 04:35:13,748 - INFO - Found the table on attempt 1
2025-06-23 04:37:41,105 - INFO - Successfully fetched page on attempt 1
2025-06-23 04:37:41,122 - INFO - Found the table on attempt 1
2025-06-24 04:33:57,792 - INFO - Successfully fetched page on attempt 1
2025-06-24 04:33:57,809 - INFO - Found the table on attempt 1
2025-06-25 04:34:33,563 - INFO - Successfully fetched page on attempt 1
2025-06-25 04:34:33,580 - INFO - Found the table on attempt 1
2025-06-26 04:34:24,642 - INFO - Successfully fetched page on attempt 1
2025-06-26 04:34:24,659 - INFO - Found the table on attempt 1
2025-06-27 09:40:59,730 - INFO - Successfully fetched page on attempt 1
2025-06-27 09:40:59,747 - INFO - Found the table on attempt 1
2025-06-28 04:30:54,384 - INFO - Successfully fetched page on attempt 1
2025-06-28 04:30:54,399 - INFO - Found the table on attempt 1
2025-06-29 04:39:16,896 - INFO - Successfully fetched page on attempt 1
2025-06-29 04:39:16,912 - INFO - Found the table on attempt 1
2025-06-30 04:37:38,575 - INFO - Successfully fetched page on attempt 1
2025-06-30 04:37:38,590 - INFO - Found the table on attempt 1
2025-07-01 04:41:05,957 - INFO - Successfully fetched page on attempt 1
2025-07-01 04:41:05,973 - INFO - Found the table on attempt 1
2025-07-02 04:34:17,432 - INFO - Successfully fetched page on attempt 1
2025-07-02 04:34:17,447 - INFO - Found the table on attempt 1
2025-07-03 04:35:48,371 - INFO - Successfully fetched page on attempt 1
2025-07-03 04:35:48,386 - INFO - Found the table on attempt 1
2025-07-04 04:34:50,070 - INFO - Successfully fetched page on attempt 1
2025-07-04 04:34:50,085 - INFO - Found the table on attempt 1
2025-07-05 04:31:18,899 - INFO - Successfully fetched page on attempt 1
2025-07-05 04:31:18,913 - INFO - Found the table on attempt 1
2025-07-06 04:36:49,035 - INFO - Successfully fetched page on attempt 1
2025-07-06 04:36:49,050 - INFO - Found the table on attempt 1
2025-07-07 04:38:12,553 - INFO - Successfully fetched page on attempt 1
2025-07-07 04:38:12,568 - INFO - Found the table on attempt 1
2025-07-08 04:34:30,819 - INFO - Successfully fetched page on attempt 1
2025-07-08 04:34:30,834 - INFO - Found the table on attempt 1
2025-07-09 04:38:09,899 - INFO - Successfully fetched page on attempt 1
2025-07-09 04:38:09,914 - INFO - Found the table on attempt 1
2025-07-10 04:36:58,539 - INFO - Successfully fetched page on attempt 1
2025-07-10 04:36:58,556 - INFO - Found the table on attempt 1
2025-07-11 04:40:38,466 - INFO - Successfully fetched page on attempt 1
2025-07-11 04:40:38,480 - INFO - Found the table on attempt 1
2025-07-12 04:35:41,913 - INFO - Successfully fetched page on attempt 1
2025-07-12 04:35:41,928 - INFO - Found the table on attempt 1
2025-07-13 04:40:16,823 - INFO - Successfully fetched page on attempt 1
2025-07-13 04:40:16,838 - INFO - Found the table on attempt 1
2025-07-14 04:46:24,722 - INFO - Successfully fetched page on attempt 1
2025-07-14 04:46:24,737 - INFO - Found the table on attempt 1
2025-07-15 04:42:28,659 - INFO - Successfully fetched page on attempt 1
2025-07-15 04:42:28,674 - INFO - Found the table on attempt 1
2025-07-16 04:41:23,437 - INFO - Successfully fetched page on attempt 1
2025-07-16 04:41:23,452 - INFO - Found the table on attempt 1
2025-07-17 04:41:16,402 - INFO - Successfully fetched page on attempt 1
2025-07-17 04:41:16,417 - INFO - Found the table on attempt 1
2025-07-18 04:44:13,026 - INFO - Successfully fetched page on attempt 1
2025-07-18 04:44:13,040 - INFO - Found the table on attempt 1
2025-07-19 04:35:36,264 - INFO - Successfully fetched page on attempt 1
2025-07-19 04:35:36,279 - INFO - Found the table on attempt 1
2025-07-20 04:47:13,336 - INFO - Successfully fetched page on attempt 1
2025-07-20 04:47:13,350 - INFO - Found the table on attempt 1
2025-07-21 04:48:42,675 - INFO - Successfully fetched page on attempt 1
2025-07-21 04:48:42,689 - INFO - Found the table on attempt 1
2025-07-22 04:42:56,809 - INFO - Successfully fetched page on attempt 1
2025-07-22 04:42:56,824 - INFO - Found the table on attempt 1
2025-07-23 04:46:03,216 - INFO - Successfully fetched page on attempt 1
2025-07-23 04:46:03,230 - INFO - Found the table on attempt 1
2025-07-24 04:43:37,277 - INFO - Successfully fetched page on attempt 1
2025-07-24 04:43:37,291 - INFO - Found the table on attempt 1
2025-07-25 04:43:04,105 - INFO - Successfully fetched page on attempt 1
2025-07-25 04:43:04,120 - INFO - Found the table on attempt 1
2025-07-26 04:39:51,413 - INFO - Successfully fetched page on attempt 1
2025-07-26 04:39:51,427 - INFO - Found the table on attempt 1
2025-07-27 04:48:48,890 - INFO - Successfully fetched page on attempt 1
2025-07-27 04:48:48,904 - INFO - Found the table on attempt 1
2025-07-28 04:51:19,174 - INFO - Successfully fetched page on attempt 1
2025-07-28 04:51:19,188 - INFO - Found the table on attempt 1
2025-07-29 04:51:34,458 - INFO - Successfully fetched page on attempt 1
2025-07-29 04:51:34,473 - INFO - Found the table on attempt 1
2025-07-30 04:49:44,848 - INFO - Successfully fetched page on attempt 1
2025-07-30 04:49:44,862 - INFO - Found the table on attempt 1
2025-07-31 04:48:09,912 - INFO - Successfully fetched page on attempt 1
2025-07-31 04:48:09,926 - INFO - Found the table on attempt 1
2025-08-01 04:56:28,961 - INFO - Successfully fetched page on attempt 1
2025-08-01 04:56:28,976 - INFO - Found the table on attempt 1
2025-08-02 04:38:54,500 - INFO - Successfully fetched page on attempt 1
2025-08-02 04:38:54,513 - INFO - Found the table on attempt 1
2025-08-03 04:52:08,024 - INFO - Successfully fetched page on attempt 1
2025-08-03 04:52:08,038 - INFO - Found the table on attempt 1
2025-08-04 05:00:19,544 - INFO - Successfully fetched page on attempt 1
2025-08-04 05:00:19,559 - INFO - Found the table on attempt 1
2025-08-05 04:52:55,782 - INFO - Successfully fetched page on attempt 1
2025-08-05 04:52:55,797 - INFO - Found the table on attempt 1
2025-08-06 04:51:08,490 - INFO - Successfully fetched page on attempt 1
2025-08-06 04:51:08,507 - INFO - Found the table on attempt 1
2025-08-07 04:54:10,533 - INFO - Successfully fetched page on attempt 1
2025-08-07 04:54:10,549 - INFO - Found the table on attempt 1
2025-08-08 04:50:59,557 - INFO - Successfully fetched page on attempt 1
2025-08-08 04:50:59,573 - INFO - Found the table on attempt 1
2025-08-09 04:33:54,443 - INFO - Successfully fetched page on attempt 1
2025-08-09 04:33:54,459 - INFO - Found the table on attempt 1
2025-08-10 04:44:53,429 - INFO - Successfully fetched page on attempt 1
2025-08-10 04:44:53,444 - INFO - Found the table on attempt 1
2025-08-11 04:49:42,463 - INFO - Successfully fetched page on attempt 1
2025-08-11 04:49:42,478 - INFO - Found the table on attempt 1
2025-08-12 04:33:37,663 - INFO - Successfully fetched page on attempt 1
2025-08-12 04:33:37,678 - INFO - Found the table on attempt 1
2025-08-13 10:37:13,990 - INFO - Successfully fetched page on attempt 1
2025-08-13 10:37:14,006 - INFO - Found the table on attempt 1
2025-08-14 04:34:42,219 - INFO - Successfully fetched page on attempt 1
2025-08-14 04:34:42,235 - INFO - Found the table on attempt 1
2025-08-15 04:35:25,313 - INFO - Successfully fetched page on attempt 1
2025-08-15 04:35:25,327 - INFO - Found the table on attempt 1
2025-08-16 04:30:42,562 - INFO - Successfully fetched page on attempt 1
2025-08-16 04:30:42,574 - INFO - Found the table on attempt 1
2025-08-17 04:36:39,643 - INFO - Successfully fetched page on attempt 1
2025-08-17 04:36:39,656 - INFO - Found the table on attempt 1
2025-08-18 04:42:20,074 - INFO - Successfully fetched page on attempt 1
2025-08-18 04:42:20,088 - INFO - Found the table on attempt 1
2025-08-19 04:28:46,004 - INFO - Successfully fetched page on attempt 1
2025-08-19 04:28:46,019 - INFO - Found the table on attempt 1
2025-08-20 04:29:19,458 - INFO - Successfully fetched page on attempt 1
2025-08-20 04:29:19,472 - INFO - Found the table on attempt 1
2025-08-21 04:28:41,373 - INFO - Successfully fetched page on attempt 1
2025-08-21 04:28:41,388 - INFO - Found the table on attempt 1
2025-08-22 04:27:53,568 - INFO - Successfully fetched page on attempt 1
2025-08-22 04:27:53,582 - INFO - Found the table on attempt 1
2025-08-23 04:27:44,588 - INFO - Successfully fetched page on attempt 1
2025-08-23 04:27:44,603 - INFO - Found the table on attempt 1
2025-08-24 04:30:25,991 - INFO - Successfully fetched page on attempt 1
2025-08-24 04:30:26,006 - INFO - Found the table on attempt 1
2025-08-25 04:32:07,665 - INFO - Successfully fetched page on attempt 1
2025-08-25 04:32:07,679 - INFO - Found the table on attempt 1
2025-08-26 04:28:41,804 - INFO - Successfully fetched page on attempt 1
2025-08-26 04:28:41,819 - INFO - Found the table on attempt 1
2025-08-27 04:28:33,595 - INFO - Successfully fetched page on attempt 1
2025-08-27 04:28:33,611 - INFO - Found the table on attempt 1
2025-08-28 04:27:59,472 - INFO - Successfully fetched page on attempt 1
2025-08-28 04:27:59,488 - INFO - Found the table on attempt 1
2025-08-29 04:28:18,019 - INFO - Successfully fetched page on attempt 1
2025-08-29 04:28:18,034 - INFO - Found the table on attempt 1
2025-08-30 04:26:28,168 - INFO - Successfully fetched page on attempt 1
2025-08-30 04:26:28,184 - INFO - Found the table on attempt 1
2025-08-31 04:26:49,549 - INFO - Successfully fetched page on attempt 1
2025-08-31 04:26:49,565 - INFO - Found the table on attempt 1
2025-09-01 04:33:28,972 - INFO - Successfully fetched page on attempt 1
2025-09-01 04:33:28,987 - INFO - Found the table on attempt 1
2025-09-02 04:28:59,991 - INFO - Successfully fetched page on attempt 1
2025-09-02 04:29:00,006 - INFO - Found the table on attempt 1
2025-09-03 05:52:24,684 - INFO - Successfully fetched page on attempt 1
2025-09-03 05:52:24,698 - INFO - Found the table on attempt 1
2025-09-04 04:26:53,150 - INFO - Successfully fetched page on attempt 1
2025-09-04 04:26:53,165 - INFO - Found the table on attempt 1
2025-09-05 09:05:17,315 - INFO - Successfully fetched page on attempt 1
2025-09-05 09:05:17,329 - INFO - Found the table on attempt 1
2025-09-06 04:26:11,167 - INFO - Successfully fetched page on attempt 1
2025-09-06 04:26:11,180 - INFO - Found the table on attempt 1
2025-09-07 04:26:24,390 - INFO - Successfully fetched page on attempt 1
2025-09-07 04:26:24,404 - INFO - Found the table on attempt 1
2025-09-08 04:29:13,129 - INFO - Successfully fetched page on attempt 1
2025-09-08 04:29:13,143 - INFO - Found the table on attempt 1
2025-09-09 04:27:57,156 - INFO - Successfully fetched page on attempt 1
2025-09-09 04:27:57,171 - INFO - Found the table on attempt 1
2025-09-10 04:26:06,824 - INFO - Successfully fetched page on attempt 1
2025-09-10 04:26:06,839 - INFO - Found the table on attempt 1
2025-09-11 04:27:22,693 - INFO - Successfully fetched page on attempt 1
2025-09-11 04:27:22,708 - INFO - Found the table on attempt 1
2025-09-12 04:26:09,868 - INFO - Successfully fetched page on attempt 1
2025-09-12 04:26:09,884 - INFO - Found the table on attempt 1
2025-09-13 04:25:42,336 - INFO - Successfully fetched page on attempt 1
2025-09-13 04:25:42,351 - INFO - Found the table on attempt 1
2025-09-14 04:25:57,902 - INFO - Successfully fetched page on attempt 1
2025-09-14 04:25:57,917 - INFO - Found the table on attempt 1
2025-09-15 04:28:23,185 - INFO - Successfully fetched page on attempt 1
2025-09-15 04:28:23,200 - INFO - Found the table on attempt 1
2025-09-16 04:27:24,299 - INFO - Successfully fetched page on attempt 1
2025-09-16 04:27:24,314 - INFO - Found the table on attempt 1
2025-09-17 04:26:50,771 - INFO - Successfully fetched page on attempt 1
2025-09-17 04:26:50,786 - INFO - Found the table on attempt 1
2025-09-18 04:28:11,451 - INFO - Successfully fetched page on attempt 1
2025-09-18 04:28:11,466 - INFO - Found the table on attempt 1
2025-09-19 04:27:30,781 - INFO - Successfully fetched page on attempt 1
2025-09-19 04:27:30,796 - INFO - Found the table on attempt 1
2025-09-20 04:45:03,642 - INFO - Successfully fetched page on attempt 1
2025-09-20 04:45:03,657 - INFO - Found the table on attempt 1
2025-09-21 04:26:57,426 - INFO - Successfully fetched page on attempt 1
2025-09-21 04:26:57,440 - INFO - Found the table on attempt 1
2025-09-22 04:27:44,261 - INFO - Successfully fetched page on attempt 1
2025-09-22 04:27:44,276 - INFO - Found the table on attempt 1
2025-09-23 04:27:37,375 - INFO - Successfully fetched page on attempt 1
2025-09-23 04:27:37,389 - INFO - Found the table on attempt 1
2025-09-24 04:27:32,909 - INFO - Successfully fetched page on attempt 1
2025-09-24 04:27:32,925 - INFO - Found the table on attempt 1
2025-09-25 04:27:42,927 - INFO - Successfully fetched page on attempt 1
2025-09-25 04:27:42,943 - INFO - Found the table on attempt 1
2025-09-26 04:27:51,878 - INFO - Successfully fetched page on attempt 1
2025-09-26 04:27:51,894 - INFO - Found the table on attempt 1
2025-09-27 04:26:35,876 - INFO - Successfully fetched page on attempt 1
2025-09-27 04:26:35,892 - INFO - Found the table on attempt 1
2025-09-28 04:26:38,855 - INFO - Successfully fetched page on attempt 1
2025-09-28 04:26:38,871 - INFO - Found the table on attempt 1
2025-09-29 04:29:04,027 - INFO - Successfully fetched page on attempt 1
2025-09-29 04:29:04,043 - INFO - Found the table on attempt 1
2025-09-30 04:27:52,482 - INFO - Successfully fetched page on attempt 1
2025-09-30 04:27:52,498 - INFO - Found the table on attempt 1
2025-10-01 04:27:51,921 - INFO - Successfully fetched page on attempt 1
2025-10-01 04:27:51,936 - INFO - Found the table on attempt 1
2025-10-02 04:26:40,584 - INFO - Successfully fetched page on attempt 1
2025-10-02 04:26:40,598 - INFO - Found the table on attempt 1
2025-10-03 04:26:24,477 - INFO - Successfully fetched page on attempt 1
2025-10-03 04:26:24,491 - INFO - Found the table on attempt 1
2025-10-04 04:25:55,741 - INFO - Successfully fetched page on attempt 1
2025-10-04 04:25:55,755 - INFO - Found the table on attempt 1
2025-10-05 04:25:42,620 - INFO - Successfully fetched page on attempt 1
2025-10-05 04:25:42,634 - INFO - Found the table on attempt 1
2025-10-06 04:27:34,040 - INFO - Successfully fetched page on attempt 1
2025-10-06 04:27:34,054 - INFO - Found the table on attempt 1
2025-10-07 04:27:29,776 - INFO - Successfully fetched page on attempt 1
2025-10-07 04:27:29,790 - INFO - Found the table on attempt 1
2025-10-09 04:28:03,451 - INFO - Successfully fetched page on attempt 1
2025-10-09 04:28:03,464 - INFO - Found the table on attempt 1
2025-10-10 04:27:59,085 - INFO - Successfully fetched page on attempt 1
2025-10-10 04:27:59,101 - INFO - Found the table on attempt 1
2025-10-11 04:26:18,323 - INFO - Successfully fetched page on attempt 1
2025-10-11 04:26:18,338 - INFO - Found the table on attempt 1
2025-10-12 04:26:33,915 - INFO - Successfully fetched page on attempt 1
2025-10-12 04:26:33,930 - INFO - Found the table on attempt 1
2025-10-13 04:28:30,200 - INFO - Successfully fetched page on attempt 1
2025-10-13 04:28:30,215 - INFO - Found the table on attempt 1
2025-10-14 04:57:20,329 - INFO - Successfully fetched page on attempt 1
2025-10-14 04:57:20,344 - INFO - Found the table on attempt 1
2025-10-15 04:28:02,047 - INFO - Successfully fetched page on attempt 1
2025-10-15 04:28:02,063 - INFO - Found the table on attempt 1
2025-10-16 04:27:34,272 - INFO - Successfully fetched page on attempt 1
2025-10-16 04:27:34,287 - INFO - Found the table on attempt 1
2025-10-17 04:28:41,801 - INFO - Successfully fetched page on attempt 1
2025-10-17 04:28:41,817 - INFO - Found the table on attempt 1
2025-10-18 04:26:34,386 - INFO - Successfully fetched page on attempt 1
2025-10-18 04:26:34,402 - INFO - Found the table on attempt 1
2025-10-19 04:28:00,930 - INFO - Successfully fetched page on attempt 1
2025-10-19 04:28:00,945 - INFO - Found the table on attempt 1
2025-10-20 04:29:41,818 - INFO - Successfully fetched page on attempt 1
2025-10-20 04:29:41,834 - INFO - Found the table on attempt 1
2025-10-21 04:28:36,849 - INFO - Successfully fetched page on attempt 1
2025-10-21 04:28:36,864 - INFO - Found the table on attempt 1
2025-10-22 04:28:39,150 - INFO - Successfully fetched page on attempt 1
2025-10-22 04:28:39,165 - INFO - Found the table on attempt 1
2025-10-23 04:28:09,015 - INFO - Successfully fetched page on attempt 1
2025-10-23 04:28:09,029 - INFO - Found the table on attempt 1
2025-10-24 04:28:12,644 - INFO - Successfully fetched page on attempt 1
2025-10-24 04:28:12,660 - INFO - Found the table on attempt 1
2025-10-25 04:26:59,149 - INFO - Successfully fetched page on attempt 1
2025-10-25 04:26:59,163 - INFO - Found the table on attempt 1
2025-10-26 04:26:56,988 - INFO - Successfully fetched page on attempt 1
2025-10-26 04:26:57,002 - INFO - Found the table on attempt 1
2025-10-27 05:18:29,416 - INFO - Successfully fetched page on attempt 1
2025-10-27 05:18:29,431 - INFO - Found the table on attempt 1
2025-10-28 04:28:16,564 - INFO - Successfully fetched page on attempt 1
2025-10-28 04:28:16,577 - INFO - Found the table on attempt 1
2025-10-29 04:31:21,057 - INFO - Successfully fetched page on attempt 1
2025-10-29 04:31:21,072 - INFO - Found the table on attempt 1
2025-10-30 04:28:21,322 - INFO - Successfully fetched page on attempt 1
2025-10-30 04:28:21,337 - INFO - Found the table on attempt 1
2025-10-31 04:53:19,703 - INFO - Successfully fetched page on attempt 1
2025-10-31 04:53:19,718 - INFO - Found the table on attempt 1
2025-11-01 04:26:28,629 - INFO - Successfully fetched page on attempt 1
2025-11-01 04:26:28,643 - INFO - Found the table on attempt 1
2025-11-02 04:27:46,485 - INFO - Successfully fetched page on attempt 1
2025-11-02 04:27:46,499 - INFO - Found the table on attempt 1
2025-11-03 04:33:16,774 - INFO - Successfully fetched page on attempt 1
2025-11-03 04:33:16,789 - INFO - Found the table on attempt 1
2025-11-04 04:28:33,586 - INFO - Successfully fetched page on attempt 1
2025-11-04 04:28:33,602 - INFO - Found the table on attempt 1
2025-11-05 04:28:49,988 - INFO - Successfully fetched page on attempt 1
2025-11-05 04:28:50,003 - INFO - Found the table on attempt 1
2025-11-06 04:31:29,917 - INFO - Successfully fetched page on attempt 1
2025-11-06 04:31:29,933 - INFO - Found the table on attempt 1
2025-11-07 04:28:18,190 - INFO - Successfully fetched page on attempt 1
2025-11-07 04:28:18,206 - INFO - Found the table on attempt 1
2025-11-08 04:28:03,697 - INFO - Successfully fetched page on attempt 1
2025-11-08 04:28:03,712 - INFO - Found the table on attempt 1
2025-11-09 04:27:36,557 - INFO - Successfully fetched page on attempt 1
2025-11-09 04:27:36,572 - INFO - Found the table on attempt 1
2025-11-10 04:32:10,754 - INFO - Successfully fetched page on attempt 1
2025-11-10 04:32:10,771 - INFO - Found the table on attempt 1
2025-11-11 04:29:43,745 - INFO - Successfully fetched page on attempt 1
2025-11-11 04:29:43,761 - INFO - Found the table on attempt 1
2025-11-12 04:30:07,883 - INFO - Successfully fetched page on attempt 1
2025-11-12 04:30:07,901 - INFO - Found the table on attempt 1
2025-11-13 04:30:43,523 - INFO - Successfully fetched page on attempt 1
2025-11-13 04:30:43,541 - INFO - Found the table on attempt 1
2025-11-14 04:29:01,557 - INFO - Successfully fetched page on attempt 1
2025-11-14 04:29:01,575 - INFO - Found the table on attempt 1
2025-11-15 04:28:02,517 - INFO - Successfully fetched page on attempt 1
2025-11-15 04:28:02,535 - INFO - Found the table on attempt 1
2025-11-16 04:30:23,448 - INFO - Successfully fetched page on attempt 1
2025-11-16 04:30:23,465 - INFO - Found the table on attempt 1
2025-11-17 04:31:21,847 - INFO - Successfully fetched page on attempt 1
2025-11-17 04:31:21,864 - INFO - Found the table on attempt 1
2025-11-18 04:30:02,771 - INFO - Successfully fetched page on attempt 1
2025-11-18 04:30:02,788 - INFO - Found the table on attempt 1
2025-11-19 04:30:14,991 - INFO - Successfully fetched page on attempt 1
2025-11-19 04:30:15,006 - INFO - Found the table on attempt 1
2025-11-20 04:28:39,337 - INFO - Successfully fetched page on attempt 1
2025-11-20 04:28:39,353 - INFO - Found the table on attempt 1
2025-11-21 04:29:39,625 - INFO - Successfully fetched page on attempt 1
2025-11-21 04:29:39,642 - INFO - Found the table on attempt 1
2025-11-22 04:27:51,507 - INFO - Successfully fetched page on attempt 1
2025-11-22 04:27:51,522 - INFO - Found the table on attempt 1
2025-11-23 04:35:55,114 - INFO - Successfully fetched page on attempt 1
2025-11-23 04:35:55,129 - INFO - Found the table on attempt 1
2025-11-24 04:37:45,126 - INFO - Successfully fetched page on attempt 1
2025-11-24 04:37:45,144 - INFO - Found the table on attempt 1
2025-11-25 04:31:10,442 - INFO - Successfully fetched page on attempt 1
2025-11-25 04:31:10,458 - INFO - Found the table on attempt 1
2025-11-26 04:31:29,257 - INFO - Successfully fetched page on attempt 1
2025-11-26 04:31:29,275 - INFO - Found the table on attempt 1
2025-11-27 04:30:39,388 - INFO - Successfully fetched page on attempt 1
2025-11-27 04:30:39,405 - INFO - Found the table on attempt 1
2025-11-28 04:30:44,255 - INFO - Successfully fetched page on attempt 1
2025-11-28 04:30:44,270 - INFO - Found the table on attempt 1
2025-11-29 04:29:40,999 - INFO - Successfully fetched page on attempt 1
2025-11-29 04:29:41,015 - INFO - Found the table on attempt 1
2025-11-30 12:16:08,883 - INFO - Successfully fetched page on attempt 1
2025-11-30 12:16:08,899 - INFO - Found the table on attempt 1
2025-12-01 04:53:19,380 - INFO - Successfully fetched page on attempt 1
2025-12-01 04:53:19,394 - INFO - Found the table on attempt 1
2025-12-02 04:35:06,015 - INFO - Successfully fetched page on attempt 1
2025-12-02 04:35:06,031 - INFO - Found the table on attempt 1
2025-12-03 04:33:54,218 - INFO - Successfully fetched page on attempt 1
2025-12-03 04:33:54,234 - INFO - Found the table on attempt 1
2025-12-04 04:35:05,905 - INFO - Successfully fetched page on attempt 1
2025-12-04 04:35:05,921 - INFO - Found the table on attempt 1
2025-12-05 04:34:35,006 - INFO - Successfully fetched page on attempt 1
2025-12-05 04:34:35,021 - INFO - Found the table on attempt 1
2025-12-06 04:28:50,099 - INFO - Successfully fetched page on attempt 1
2025-12-06 04:28:50,112 - INFO - Found the table on attempt 1
2025-12-07 04:35:40,525 - INFO - Successfully fetched page on attempt 1
2025-12-07 04:35:40,539 - INFO - Found the table on attempt 1
2025-12-08 08:30:56,211 - INFO - Successfully fetched page on attempt 1
2025-12-08 08:30:56,226 - INFO - Found the table on attempt 1
2025-12-09 04:34:03,752 - INFO - Successfully fetched page on attempt 1
2025-12-09 04:34:03,766 - INFO - Found the table on attempt 1
2025-12-10 07:31:04,322 - INFO - Successfully fetched page on attempt 1
2025-12-10 07:31:04,338 - INFO - Found the table on attempt 1
2025-12-11 04:38:42,681 - INFO - Successfully fetched page on attempt 1
2025-12-11 04:38:42,695 - INFO - Found the table on attempt 1
2025-12-12 04:37:17,409 - INFO - Successfully fetched page on attempt 1
2025-12-12 04:37:17,423 - INFO - Found the table on attempt 1
2025-12-13 04:31:09,523 - INFO - Successfully fetched page on attempt 1
2025-12-13 04:31:09,536 - INFO - Found the table on attempt 1
2025-12-14 05:03:12,698 - INFO - Successfully fetched page on attempt 1
2025-12-14 05:03:12,711 - INFO - Found the table on attempt 1
2025-12-15 04:46:04,815 - INFO - Successfully fetched page on attempt 1
2025-12-15 04:46:04,827 - INFO - Found the table on attempt 1
2025-12-16 04:39:15,292 - INFO - Successfully fetched page on attempt 1
2025-12-16 04:39:15,306 - INFO - Found the table on attempt 1
2025-12-17 04:37:08,349 - INFO - Successfully fetched page on attempt 1
2025-12-17 04:37:08,363 - INFO - Found the table on attempt 1
2025-12-18 04:38:07,933 - INFO - Successfully fetched page on attempt 1
2025-12-18 04:38:07,948 - INFO - Found the table on attempt 1
2025-12-19 04:38:01,864 - INFO - Successfully fetched page on attempt 1
2025-12-19 04:38:01,880 - INFO - Found the table on attempt 1
2025-12-20 04:31:43,342 - INFO - Successfully fetched page on attempt 1
2025-12-20 04:31:43,357 - INFO - Found the table on attempt 1
2025-12-21 04:40:23,804 - INFO - Successfully fetched page on attempt 1
2025-12-21 04:40:23,818 - INFO - Found the table on attempt 1
2025-12-22 04:45:19,316 - INFO - Successfully fetched page on attempt 1
2025-12-22 04:45:19,332 - INFO - Found the table on attempt 1
2025-12-23 04:41:34,112 - INFO - Successfully fetched page on attempt 1
2025-12-23 04:41:34,128 - INFO - Found the table on attempt 1
2025-12-24 04:39:54,385 - INFO - Successfully fetched page on attempt 1
2025-12-24 04:39:54,398 - INFO - Found the table on attempt 1
2025-12-25 04:41:36,931 - INFO - Successfully fetched page on attempt 1
2025-12-25 04:41:36,945 - INFO - Found the table on attempt 1
2025-12-26 04:38:24,773 - INFO - Successfully fetched page on attempt 1
2025-12-26 04:38:24,786 - INFO - Found the table on attempt 1
2025-12-27 16:43:08,293 - INFO - Successfully fetched page on attempt 1
2025-12-27 16:43:08,306 - INFO - Found the table on attempt 1
2025-12-28 04:49:16,840 - INFO - Successfully fetched page on attempt 1
2025-12-28 04:49:16,854 - INFO - Found the table on attempt 1
2025-12-29 04:53:07,238 - INFO - Successfully fetched page on attempt 1
2025-12-29 04:53:07,253 - INFO - Found the table on attempt 1
2025-12-30 04:43:17,625 - INFO - Successfully fetched page on attempt 1
2025-12-30 04:43:17,640 - INFO - Found the table on attempt 1
2025-12-31 04:41:45,814 - INFO - Successfully fetched page on attempt 1
2025-12-31 04:41:45,828 - INFO - Found the table on attempt 1
2026-01-01 04:51:50,238 - INFO - Successfully fetched page on attempt 1
2026-01-01 04:51:50,252 - INFO - Found the table on attempt 1
2026-01-02 04:46:40,431 - INFO - Successfully fetched page on attempt 1
2026-01-02 04:46:40,445 - INFO - Found the table on attempt 1
2026-01-03 04:36:31,039 - INFO - Successfully fetched page on attempt 1
2026-01-03 04:36:31,053 - INFO - Found the table on attempt 1
2026-01-04 04:52:52,980 - INFO - Successfully fetched page on attempt 1
2026-01-04 04:52:52,993 - INFO - Found the table on attempt 1
2026-01-05 05:55:41,698 - INFO - Successfully fetched page on attempt 1
2026-01-05 05:55:41,712 - INFO - Found the table on attempt 1
2026-01-06 04:43:55,514 - INFO - Successfully fetched page on attempt 1
2026-01-06 04:43:55,528 - INFO - Found the table on attempt 1
2026-01-07 04:45:59,129 - INFO - Successfully fetched page on attempt 1
2026-01-07 04:45:59,144 - INFO - Found the table on attempt 1
2026-01-08 04:43:34,149 - INFO - Successfully fetched page on attempt 1
2026-01-08 04:43:34,163 - INFO - Found the table on attempt 1
2026-01-09 04:45:13,303 - INFO - Successfully fetched page on attempt 1
2026-01-09 04:45:13,316 - INFO - Found the table on attempt 1
2026-01-10 04:38:03,329 - INFO - Successfully fetched page on attempt 1
2026-01-10 04:38:03,345 - INFO - Found the table on attempt 1
2026-01-11 04:51:31,368 - INFO - Successfully fetched page on attempt 1
2026-01-11 04:51:31,382 - INFO - Found the table on attempt 1
2026-01-12 04:54:22,794 - INFO - Successfully fetched page on attempt 1
2026-01-12 04:54:22,807 - INFO - Found the table on attempt 1
2026-01-13 04:45:30,949 - INFO - Successfully fetched page on attempt 1
2026-01-13 04:45:30,963 - INFO - Found the table on attempt 1
2026-01-14 04:50:25,411 - INFO - Successfully fetched page on attempt 1
2026-01-14 04:50:25,424 - INFO - Found the table on attempt 1
2026-01-15 04:47:22,688 - INFO - Successfully fetched page on attempt 1
2026-01-15 04:47:22,703 - INFO - Found the table on attempt 1
2026-01-16 04:44:09,161 - INFO - Successfully fetched page on attempt 1
2026-01-16 04:44:09,176 - INFO - Found the table on attempt 1
2026-01-17 04:36:22,307 - INFO - Successfully fetched page on attempt 1
2026-01-17 04:36:22,321 - INFO - Found the table on attempt 1
2026-01-18 04:46:11,120 - INFO - Successfully fetched page on attempt 1
2026-01-18 04:46:11,135 - INFO - Found the table on attempt 1
2026-01-19 04:55:44,861 - INFO - Successfully fetched page on attempt 1
2026-01-19 04:55:44,875 - INFO - Found the table on attempt 1
2026-01-20 04:50:57,719 - INFO - Successfully fetched page on attempt 1
2026-01-20 04:50:57,733 - INFO - Found the table on attempt 1
2026-01-21 04:49:59,129 - INFO - Successfully fetched page on attempt 1
2026-01-21 04:49:59,144 - INFO - Found the table on attempt 1
2026-01-22 04:53:06,408 - INFO - Successfully fetched page on attempt 1
2026-01-22 04:53:06,424 - INFO - Found the table on attempt 1
2026-01-23 04:49:05,924 - INFO - Successfully fetched page on attempt 1
2026-01-23 04:49:05,940 - INFO - Found the table on attempt 1
2026-01-24 04:39:16,261 - INFO - Successfully fetched page on attempt 1
2026-01-24 04:39:16,276 - INFO - Found the table on attempt 1
2026-01-25 04:54:45,395 - INFO - Successfully fetched page on attempt 1
2026-01-25 04:54:45,411 - INFO - Found the table on attempt 1
